<?xml version="1.0" encoding="UTF-8"?>
<testsuite xmlns:xsi="http://www.w3.org/2001/XMLSchema-instance" xsi:noNamespaceSchemaLocation="https://maven.apache.org/surefire/maven-surefire-plugin/xsd/surefire-test-report-3.0.xsd" version="3.0" name="com.example.loginmicroservice.LoginMicroserviceApplicationTests" time="2.177" tests="1" errors="0" skipped="0" failures="0">
  <properties>
[...]
</properties>
  <testcase name="contextLoads" classname="com.example.loginmicroservice.LoginMicroserviceApplicationTests" time="0.295">
    <system-out><![CDATA[18:50:48.859 [main] INFO org.springframework.test.context.support.AnnotationConfigContextLoaderUtils -- Could not detect default configuration classes for test class [com.example.loginmicroservice.LoginMicroserviceApplicationTests]: LoginMicroserviceApplicationTests does not declare any static, non-private, non-final, nested classes annotated with @Configuration.
18:50:48.897 [main] INFO org.springframework.boot.test.context.SpringBootTestContextBootstrapper -- Found @SpringBootConfiguration com.example.loginmicroservice.LoginMicroserviceApplication for test class com.example.loginmicroservice.LoginMicroserviceApplicationTests

  .   ____          _            __ _ _
 /\\ / ___'_ __ _ _(_)_ __  __ _ \ \ \ \
( ( )\___ | '_ | '_| | '_ \/ _` | \ \ \ \
 \\/  ___)| |_)| | | | | || (_| |  ) ) ) )
  '  |____| .__|_| |_|_| |_\__, | / / / /
 =========|_|==============|___/=/_/_/_/
 :: Spring Boot ::                (v3.1.5)

2024-01-03T18:50:49.043+01:00  INFO 34852 --- [           main] c.e.l.LoginMicroserviceApplicationTests  : Starting LoginMicroserviceApplicationTests using Java 21.0.1 with PID 34852 (started by paula in /Users/paula/Desktop/KTH/Fullstack/Lab1/LoginMicroservice)
2024-01-03T18:50:49.044+01:00  INFO 34852 --- [           main] c.e.l.LoginMicroserviceApplicationTests  : No active profile set, falling back to 1 default profile: "default"
2024-01-03T18:50:49.269+01:00  INFO 34852 --- [           main] .s.d.r.c.RepositoryConfigurationDelegate : Bootstrapping Spring Data JPA repositories in DEFAULT mode.
2024-01-03T18:50:49.326+01:00  INFO 34852 --- [           main] .s.d.r.c.RepositoryConfigurationDelegate : Finished Spring Data repository scanning in 54 ms. Found 1 JPA repository interfaces.
2024-01-03T18:50:49.519+01:00  INFO 34852 --- [           main] o.hibernate.jpa.internal.util.LogHelper  : HHH000204: Processing PersistenceUnitInfo [name: default]
2024-01-03T18:50:49.545+01:00  INFO 34852 --- [           main] org.hibernate.Version                    : HHH000412: Hibernate ORM core version 6.3.0.CR1
2024-01-03T18:50:49.546+01:00  INFO 34852 --- [           main] org.hibernate.cfg.Environment            : HHH000406: Using bytecode reflection optimizer
2024-01-03T18:50:49.559+01:00  INFO 34852 --- [           main] o.h.c.internal.RegionFactoryInitiator    : HHH000026: Second-level cache disabled
2024-01-03T18:50:49.643+01:00  INFO 34852 --- [           main] o.s.o.j.p.SpringPersistenceUnitInfo      : No LoadTimeWeaver setup: ignoring JPA class transformer
2024-01-03T18:50:49.649+01:00  INFO 34852 --- [           main] com.zaxxer.hikari.HikariDataSource       : HikariPool-1 - Starting...
2024-01-03T18:50:49.731+01:00  INFO 34852 --- [           main] com.zaxxer.hikari.pool.HikariPool        : HikariPool-1 - Added connection com.mysql.cj.jdbc.ConnectionImpl@3513d214
2024-01-03T18:50:49.731+01:00  INFO 34852 --- [           main] com.zaxxer.hikari.HikariDataSource       : HikariPool-1 - Start completed.
2024-01-03T18:50:49.752+01:00  WARN 34852 --- [           main] org.hibernate.orm.deprecation            : HHH90000025: MySQL8Dialect does not need to be specified explicitly using 'hibernate.dialect' (remove the property setting and it will be selected by default)
2024-01-03T18:50:49.752+01:00  WARN 34852 --- [           main] org.hibernate.orm.deprecation            : HHH90000026: MySQL8Dialect has been deprecated; use org.hibernate.dialect.MySQLDialect instead
2024-01-03T18:50:50.035+01:00  INFO 34852 --- [           main] o.h.e.t.j.p.i.JtaPlatformInitiator       : HHH000489: No JTA platform available (set 'hibernate.transaction.jta.platform' to enable JTA platform integration)
2024-01-03T18:50:50.055+01:00  INFO 34852 --- [           main] j.LocalContainerEntityManagerFactoryBean : Initialized JPA EntityManagerFactory for persistence unit 'default'
2024-01-03T18:50:50.257+01:00  INFO 34852 --- [           main] o.s.d.j.r.query.QueryEnhancerFactory     : Hibernate is in classpath; If applicable, HQL parser will be used.
2024-01-03T18:50:50.462+01:00  WARN 34852 --- [           main] JpaBaseConfiguration$JpaWebConfiguration : spring.jpa.open-in-view is enabled by default. Therefore, database queries may be performed during view rendering. Explicitly configure spring.jpa.open-in-view to disable this warning
2024-01-03T18:50:50.473+01:00  WARN 34852 --- [           main] .s.s.UserDetailsServiceAutoConfiguration : 

Using generated security password: 4d39d13a-bb73-4d63-b864-8a7d423838af

This generated password is for development use only. Your security configuration must be updated before running your application in production.

2024-01-03T18:50:50.504+01:00 DEBUG 34852 --- [           main] edFilterInvocationSecurityMetadataSource : Adding web access control expression [permitAll] for any request
2024-01-03T18:50:50.513+01:00  INFO 34852 --- [           main] o.s.s.web.DefaultSecurityFilterChain     : Will secure any request with [org.springframework.security.web.session.DisableEncodeUrlFilter@1676e501, org.springframework.security.web.context.request.async.WebAsyncManagerIntegrationFilter@1ed763aa, org.springframework.security.web.context.SecurityContextHolderFilter@6921ce3f, org.springframework.security.web.header.HeaderWriterFilter@162c89ac, org.springframework.security.web.authentication.logout.LogoutFilter@16021f6e, org.springframework.security.web.authentication.www.BasicAuthenticationFilter@7b0d88e0, org.springframework.security.web.savedrequest.RequestCacheAwareFilter@7b0a69b9, org.springframework.security.web.servletapi.SecurityContextHolderAwareRequestFilter@6d398b6c, org.springframework.security.web.authentication.AnonymousAuthenticationFilter@7f39bcb5, org.springframework.security.web.session.SessionManagementFilter@2fe12ec3, org.springframework.security.web.access.ExceptionTranslationFilter@26864891, org.springframework.security.web.access.intercept.FilterSecurityInterceptor@1f26bd62]
2024-01-03T18:50:50.629+01:00  WARN 34852 --- [           main] ion$DefaultTemplateResolverConfiguration : Cannot find template location: classpath:/templates/ (please add some templates, check your Thymeleaf configuration, or set spring.thymeleaf.check-template-location=false)
2024-01-03T18:50:50.663+01:00  INFO 34852 --- [           main] c.e.l.LoginMicroserviceApplicationTests  : Started LoginMicroserviceApplicationTests in 1.713 seconds (process running for 2.09)
]]></system-out>
    <system-err><![CDATA[WARNING: A Java agent has been loaded dynamically (/Users/paula/.m2/repository/net/bytebuddy/byte-buddy-agent/1.14.9/byte-buddy-agent-1.14.9.jar)
WARNING: If a serviceability tool is in use, please run with -XX:+EnableDynamicAgentLoading to hide this warning
WARNING: If a serviceability tool is not in use, please run with -Djdk.instrument.traceUsage for more information
WARNING: Dynamic loading of agents will be disallowed by default in a future release
]]></system-err>
  </testcase>
</testsuite>